#
# A fatal error has been detected by the Java Runtime Environment:
#
#  EXCEPTION_ACCESS_VIOLATION (0xc0000005) at pc=0x0000000077898225, pid=5348, tid=3572
#
# JRE version: Java(TM) SE Runtime Environment (8.0_40-b26) (build 1.8.0_40-b26)
# Java VM: Java HotSpot(TM) 64-Bit Server VM (25.40-b25 mixed mode windows-amd64 compressed oops)
# Problematic frame:
# V  [jvm.dll+0x128225]
#
# Failed to write core dump. Minidumps are not enabled by default on client versions of Windows
#
# If you would like to submit a bug report, please visit:
#   http://bugreport.java.com/bugreport/crash.jsp
#

---------------  T H R E A D  ---------------

Current thread (0x0000000014e91800):  JavaThread "JDWP Transport Listener: dt_socket" daemon [_thread_in_vm, id=3572, stack(0x00000000166b0000,0x00000000167b0000)]

siginfo: ExceptionCode=0xc0000005, reading address 0xffffffffffffffff

Registers:
RAX=0x00000000167af401, RBX=0x0000000014e91800, RCX=0x003b7463656a624f, RDX=0x0000000000000000
RSP=0x00000000167af400, RBP=0x003b7463656a624f, RSI=0x00000000167af518, RDI=0x0000000002658880
R8 =0x0000000014e91800, R9 =0x0000000000008000, R10=0x0000000000000000, R11=0x0000000016ff74af
R12=0x0000000000000000, R13=0x0000000014e8b398, R14=0x0000000000000000, R15=0x0000000000000000
RIP=0x0000000077898225, EFLAGS=0x0000000000010202

Top of Stack: (sp=0x00000000167af400)
0x00000000167af400:   0000000014e91800 0000000014e91800
0x00000000167af410:   00000000167af4c8 0000000077a9c6db
0x00000000167af420:   0000000014e91800 0000000077ab8f3d
0x00000000167af430:   0000000000000000 0000000050b89155
0x00000000167af440:   000000001761a638 0000000050b9291e
0x00000000167af450:   0000000014e91800 0000000000000000
0x00000000167af460:   0000000000000000 0000000000000000
0x00000000167af470:   003b7463656a624f 0000000050b91a15
0x00000000167af480:   00000000167af518 00000000167af4f0
0x00000000167af490:   0000000000000001 000000001761a638
0x00000000167af4a0:   003b7463656a624f 0000000050b753b3
0x00000000167af4b0:   00000000167af5e0 0000000000000001
0x00000000167af4c0:   0000000000000001 000000001761a638
0x00000000167af4d0:   00000000f000100a 0000000000000000
0x00000000167af4e0:   0000000000000000 0000000000000000
0x00000000167af4f0:   0000000000000001 0000000050b75571 

Instructions: (pc=0x0000000077898225)
0x0000000077898205:   cc cc cc cc cc cc cc cc cc cc cc 48 83 ec 28 48
0x0000000077898215:   85 c9 75 07 33 c0 48 83 c4 28 c3 48 89 5c 24 20
0x0000000077898225:   48 8b 19 48 85 db 74 20 48 83 fb 37 74 1a 48 8b
0x0000000077898235:   13 48 8b cb ff 52 10 84 c0 74 0d 48 8b c3 48 8b 


Register to memory mapping:

RAX=0x00000000167af401 is pointing into the stack for thread: 0x0000000014e91800
RBX=0x0000000014e91800 is a thread
RCX=0x003b7463656a624f is an unknown value
RDX=0x0000000000000000 is an unknown value
RSP=0x00000000167af400 is pointing into the stack for thread: 0x0000000014e91800
RBP=0x003b7463656a624f is an unknown value
RSI=0x00000000167af518 is pointing into the stack for thread: 0x0000000014e91800
RDI=0x0000000002658880 is an unknown value
R8 =0x0000000014e91800 is a thread
R9 =0x0000000000008000 is an unknown value
R10=0x0000000000000000 is an unknown value
R11=0x0000000016ff74af is an unknown value
R12=0x0000000000000000 is an unknown value
R13=0x0000000014e8b398 is an unknown value
R14=0x0000000000000000 is an unknown value
R15=0x0000000000000000 is an unknown value


Stack: [0x00000000166b0000,0x00000000167b0000],  sp=0x00000000167af400,  free space=1021k
Native frames: (J=compiled Java code, j=interpreted, Vv=VM code, C=native code)
V  [jvm.dll+0x128225]
V  [jvm.dll+0x348f3d]
C  [jdwp.dll+0x21a15]
C  [jdwp.dll+0x53b3]
C  [jdwp.dll+0x5571]
C  [jdwp.dll+0xf0a8]
C  [jdwp.dll+0x1f2d5]
C  [jdwp.dll+0x1f4aa]
V  [jvm.dll+0x1bad48]
V  [jvm.dll+0x241914]
V  [jvm.dll+0x29848a]
C  [msvcr100.dll+0x21d9f]
C  [msvcr100.dll+0x21e3b]
C  [KERNEL32.DLL+0x13d2]
C  [ntdll.dll+0x154e4]


---------------  P R O C E S S  ---------------

Java Threads: ( => current thread )
  0x00000000027b3000 JavaThread "DestroyJavaVM" [_thread_blocked, id=2252, stack(0x0000000002660000,0x0000000002760000)]
  0x0000000017568800 JavaThread "AWT-EventQueue-0" [_thread_blocked, id=2856, stack(0x00000000189b0000,0x0000000018ab0000)]
  0x0000000017563800 JavaThread "AWT-Windows" daemon [_thread_in_native, id=6356, stack(0x00000000184a0000,0x00000000185a0000)]
  0x000000001755f800 JavaThread "AWT-Shutdown" [_thread_blocked, id=3688, stack(0x00000000183a0000,0x00000000184a0000)]
  0x000000001755d000 JavaThread "Java2D Disposer" daemon [_thread_blocked, id=5548, stack(0x00000000182a0000,0x00000000183a0000)]
  0x0000000016cf7800 JavaThread "Service Thread" daemon [_thread_blocked, id=6540, stack(0x00000000170b0000,0x00000000171b0000)]
  0x0000000014eae800 JavaThread "C1 CompilerThread2" daemon [_thread_blocked, id=6820, stack(0x0000000016bb0000,0x0000000016cb0000)]
  0x0000000014ead800 JavaThread "C2 CompilerThread1" daemon [_thread_blocked, id=5260, stack(0x0000000016ab0000,0x0000000016bb0000)]
  0x0000000014ea8800 JavaThread "C2 CompilerThread0" daemon [_thread_blocked, id=252, stack(0x00000000169b0000,0x0000000016ab0000)]
  0x0000000014e9d000 JavaThread "JDWP Command Reader" daemon [_thread_in_native, id=4964, stack(0x00000000168b0000,0x00000000169b0000)]
  0x0000000014e97800 JavaThread "JDWP Event Helper Thread" daemon [_thread_blocked, id=5228, stack(0x00000000167b0000,0x00000000168b0000)]
=>0x0000000014e91800 JavaThread "JDWP Transport Listener: dt_socket" daemon [_thread_in_vm, id=3572, stack(0x00000000166b0000,0x00000000167b0000)]
  0x0000000014e7e000 JavaThread "Attach Listener" daemon [_thread_blocked, id=6812, stack(0x00000000162d0000,0x00000000163d0000)]
  0x0000000014e7d800 JavaThread "Signal Dispatcher" daemon [_thread_blocked, id=6220, stack(0x00000000161d0000,0x00000000162d0000)]
  0x00000000028a8800 JavaThread "Finalizer" daemon [_thread_blocked, id=7060, stack(0x00000000160d0000,0x00000000161d0000)]
  0x00000000028a0000 JavaThread "Reference Handler" daemon [_thread_blocked, id=4292, stack(0x0000000015fd0000,0x00000000160d0000)]

Other Threads:
  0x0000000014e47000 VMThread [stack: 0x0000000015ed0000,0x0000000015fd0000] [id=5928]
  0x0000000014ede800 WatcherThread [stack: 0x00000000171b0000,0x00000000172b0000] [id=1632]

VM state:not at safepoint (normal execution)

VM Mutex/Monitor currently owned by a thread: None

Heap:
 PSYoungGen      total 18944K, used 9471K [0x00000000eb400000, 0x00000000ec900000, 0x0000000100000000)
  eden space 16384K, 42% used [0x00000000eb400000,0x00000000ebac3838,0x00000000ec400000)
  from space 2560K, 99% used [0x00000000ec400000,0x00000000ec67c608,0x00000000ec680000)
  to   space 2560K, 0% used [0x00000000ec680000,0x00000000ec680000,0x00000000ec900000)
 ParOldGen       total 44032K, used 1129K [0x00000000c1c00000, 0x00000000c4700000, 0x00000000eb400000)
  object space 44032K, 2% used [0x00000000c1c00000,0x00000000c1d1a758,0x00000000c4700000)
 Metaspace       used 11872K, capacity 12144K, committed 12416K, reserved 1060864K
  class space    used 1492K, capacity 1567K, committed 1664K, reserved 1048576K

Card table byte_map: [0x0000000011c70000,0x0000000011e70000] byte_map_base: 0x0000000011662000

Marking Bits: (ParMarkBitMap*) 0x0000000077f74040
 Begin Bits: [0x00000000123c0000, 0x0000000013350000)
 End Bits:   [0x0000000013350000, 0x00000000142e0000)

Polling page: 0x0000000002610000

CodeCache: size=245760Kb used=3631Kb max_used=3632Kb free=242128Kb
 bounds [0x00000000028b0000, 0x0000000002c40000, 0x00000000118b0000]
 total_blobs=1352 nmethods=972 adapters=301
 compilation: enabled

Compilation events (10 events):
Event: 38.829 Thread 0x0000000014eae800 1013  s    3       javax.swing.RepaintManager::addInvalidComponent (111 bytes)
Event: 38.831 Thread 0x0000000014eae800 nmethod 1013 0x0000000002c3a6d0 code [0x0000000002c3a940, 0x0000000002c3ba28]
Event: 52.410 Thread 0x0000000014eae800 1014       1       com.badmitrii.mvp.view.main.CircleIcon::getIconWidth (5 bytes)
Event: 52.411 Thread 0x0000000014eae800 nmethod 1014 0x0000000002c3a410 code [0x0000000002c3a560, 0x0000000002c3a670]
Event: 52.411 Thread 0x0000000014eae800 1016       3       javax.swing.JLabel::setIcon (134 bytes)
Event: 52.412 Thread 0x0000000014eae800 nmethod 1016 0x0000000002c3d450 code [0x0000000002c3d660, 0x0000000002c3e278]
Event: 52.412 Thread 0x0000000014eae800 1015       1       com.badmitrii.mvp.view.main.CircleIcon::getIconHeight (2 bytes)
Event: 52.412 Thread 0x0000000014eae800 nmethod 1015 0x0000000002c3a150 code [0x0000000002c3a2a0, 0x0000000002c3a3b0]
Event: 52.413 Thread 0x0000000014eae800 1017       1       com.badmitrii.mvp.view.main.MainViewImpl::field (5 bytes)
Event: 52.413 Thread 0x0000000014eae800 nmethod 1017 0x00000000029e0090 code [0x00000000029e01e0, 0x00000000029e02f0]

GC Heap History (2 events):
Event: 0.948 GC heap before
{Heap before GC invocations=1 (full 0):
 PSYoungGen      total 18944K, used 16384K [0x00000000eb400000, 0x00000000ec900000, 0x0000000100000000)
  eden space 16384K, 100% used [0x00000000eb400000,0x00000000ec400000,0x00000000ec400000)
  from space 2560K, 0% used [0x00000000ec680000,0x00000000ec680000,0x00000000ec900000)
  to   space 2560K, 0% used [0x00000000ec400000,0x00000000ec400000,0x00000000ec680000)
 ParOldGen       total 44032K, used 0K [0x00000000c1c00000, 0x00000000c4700000, 0x00000000eb400000)
  object space 44032K, 0% used [0x00000000c1c00000,0x00000000c1c00000,0x00000000c4700000)
 Metaspace       used 6999K, capacity 7134K, committed 7424K, reserved 1056768K
  class space    used 888K, capacity 913K, committed 1024K, reserved 1048576K
Event: 0.953 GC heap after
Heap after GC invocations=1 (full 0):
 PSYoungGen      total 18944K, used 2545K [0x00000000eb400000, 0x00000000ec900000, 0x0000000100000000)
  eden space 16384K, 0% used [0x00000000eb400000,0x00000000eb400000,0x00000000ec400000)
  from space 2560K, 99% used [0x00000000ec400000,0x00000000ec67c608,0x00000000ec680000)
  to   space 2560K, 0% used [0x00000000ec680000,0x00000000ec680000,0x00000000ec900000)
 ParOldGen       total 44032K, used 1129K [0x00000000c1c00000, 0x00000000c4700000, 0x00000000eb400000)
  object space 44032K, 2% used [0x00000000c1c00000,0x00000000c1d1a758,0x00000000c4700000)
 Metaspace       used 6999K, capacity 7134K, committed 7424K, reserved 1056768K
  class space    used 888K, capacity 913K, committed 1024K, reserved 1048576K
}

Deoptimization events (10 events):
Event: 1.008 Thread 0x00000000027b3000 Uncommon trap: reason=range_check action=none pc=0x0000000002ad931c method=sun.reflect.generics.parser.SignatureParser.current()C @ 34
Event: 1.008 Thread 0x00000000027b3000 Uncommon trap: reason=range_check action=none pc=0x0000000002ad931c method=sun.reflect.generics.parser.SignatureParser.current()C @ 34
Event: 1.009 Thread 0x00000000027b3000 Uncommon trap: reason=range_check action=none pc=0x0000000002ad931c method=sun.reflect.generics.parser.SignatureParser.current()C @ 34
Event: 1.009 Thread 0x00000000027b3000 Uncommon trap: reason=range_check action=none pc=0x0000000002ad931c method=sun.reflect.generics.parser.SignatureParser.current()C @ 34
Event: 1.009 Thread 0x00000000027b3000 Uncommon trap: reason=range_check action=none pc=0x0000000002ad931c method=sun.reflect.generics.parser.SignatureParser.current()C @ 34
Event: 1.064 Thread 0x00000000027b3000 Uncommon trap: reason=unstable_if action=reinterpret pc=0x0000000002adec64 method=sun.net.www.ParseUtil.encodePath(Ljava/lang/String;Z)Ljava/lang/String; @ 109
Event: 1.069 Thread 0x00000000027b3000 Uncommon trap: reason=unstable_if action=reinterpret pc=0x0000000002a928c0 method=sun.misc.MetaIndex.mayContain(Ljava/lang/String;)Z @ 38
Event: 1.254 Thread 0x00000000027b3000 Uncommon trap: reason=unstable_if action=reinterpret pc=0x0000000002a148d8 method=java.lang.String.startsWith(Ljava/lang/String;I)Z @ 25
Event: 1.312 Thread 0x0000000017568800 Uncommon trap: reason=unstable_if action=reinterpret pc=0x0000000002af0af8 method=java.lang.AbstractStringBuilder.append(Ljava/lang/String;)Ljava/lang/AbstractStringBuilder; @ 1
Event: 1.313 Thread 0x0000000017568800 Uncommon trap: reason=unstable_if action=reinterpret pc=0x0000000002a9d450 method=java.lang.AbstractStringBuilder.append(Ljava/lang/String;)Ljava/lang/AbstractStringBuilder; @ 1

Internal exceptions (10 events):
Event: 1.008 Thread 0x00000000027b3000 Exception <a 'java/lang/ArrayIndexOutOfBoundsException': 81> (0x00000000eb548db8) thrown at [D:\re\workspace\8-2-build-windows-amd64-cygwin\jdk8u40\3098\hotspot\src\share\vm\interpreter\interpreterRuntime.cpp, line 366]
Event: 1.009 Thread 0x00000000027b3000 Exception <a 'java/lang/ArrayIndexOutOfBoundsException': 111> (0x00000000eb54b330) thrown at [D:\re\workspace\8-2-build-windows-amd64-cygwin\jdk8u40\3098\hotspot\src\share\vm\interpreter\interpreterRuntime.cpp, line 366]
Event: 1.009 Thread 0x00000000027b3000 Exception <a 'java/lang/ArrayIndexOutOfBoundsException': 113> (0x00000000eb54cfc0) thrown at [D:\re\workspace\8-2-build-windows-amd64-cygwin\jdk8u40\3098\hotspot\src\share\vm\interpreter\interpreterRuntime.cpp, line 366]
Event: 1.009 Thread 0x00000000027b3000 Exception <a 'java/lang/ArrayIndexOutOfBoundsException': 112> (0x00000000eb54ec10) thrown at [D:\re\workspace\8-2-build-windows-amd64-cygwin\jdk8u40\3098\hotspot\src\share\vm\interpreter\interpreterRuntime.cpp, line 366]
Event: 1.078 Thread 0x00000000027b3000 Exception <a 'java/io/FileNotFoundException'> (0x00000000eb6e3428) thrown at [D:\re\workspace\8-2-build-windows-amd64-cygwin\jdk8u40\3098\hotspot\src\share\vm\prims\jni.cpp, line 709]
Event: 1.116 Thread 0x00000000027b3000 Exception <a 'java/io/FileNotFoundException'> (0x00000000eb70a768) thrown at [D:\re\workspace\8-2-build-windows-amd64-cygwin\jdk8u40\3098\hotspot\src\share\vm\prims\jni.cpp, line 709]
Event: 1.178 Thread 0x00000000027b3000 Exception <a 'java/lang/NoSuchFieldError': method resolution failed> (0x00000000eb7db620) thrown at [D:\re\workspace\8-2-build-windows-amd64-cygwin\jdk8u40\3098\hotspot\src\share\vm\prims\methodHandles.cpp, line 1125]
Event: 1.184 Thread 0x00000000027b3000 Exception <a 'java/lang/NoSuchFieldError': method resolution failed> (0x00000000eb7ea2a0) thrown at [D:\re\workspace\8-2-build-windows-amd64-cygwin\jdk8u40\3098\hotspot\src\share\vm\prims\methodHandles.cpp, line 1125]
Event: 1.312 Thread 0x0000000017568800 Implicit null exception at 0x0000000002af065c to 0x0000000002af0add
Event: 1.313 Thread 0x0000000017568800 Implicit null exception at 0x0000000002a9d019 to 0x0000000002a9d439

Events (10 events):
Event: 118.607 Executing VM operation: GetOrSetLocal
Event: 118.607 Executing VM operation: GetOrSetLocal done
Event: 118.608 Executing VM operation: GetOrSetLocal
Event: 118.608 Executing VM operation: GetOrSetLocal done
Event: 118.609 Executing VM operation: GetOrSetLocal
Event: 118.609 Executing VM operation: GetOrSetLocal done
Event: 118.609 Executing VM operation: GetOrSetLocal
Event: 118.609 Executing VM operation: GetOrSetLocal done
Event: 120.696 Executing VM operation: RedefineClasses
Event: 120.703 Executing VM operation: RedefineClasses done


Dynamic libraries:
0x00007ff799400000 - 0x00007ff799437000 	C:\Program Files\Java\jre1.8.0_40\bin\javaw.exe
0x00007ff81e730000 - 0x00007ff81e8dd000 	C:\WINDOWS\SYSTEM32\ntdll.dll
0x00007ff81c810000 - 0x00007ff81c94e000 	C:\WINDOWS\system32\KERNEL32.DLL
0x00007ff81b930000 - 0x00007ff81ba45000 	C:\WINDOWS\system32\KERNELBASE.dll
0x00007ff81a430000 - 0x00007ff81a4be000 	C:\WINDOWS\system32\apphelp.dll
0x00007ff80f850000 - 0x00007ff80f8a3000 	C:\WINDOWS\AppPatch\AppPatch64\AcGenral.DLL
0x00007ff81caa0000 - 0x00007ff81cb4a000 	C:\WINDOWS\system32\msvcrt.dll
0x00007ff81ba50000 - 0x00007ff81ba7e000 	C:\WINDOWS\system32\SspiCli.dll
0x00007ff81c0f0000 - 0x00007ff81c144000 	C:\WINDOWS\system32\SHLWAPI.dll
0x00007ff81c680000 - 0x00007ff81c7f7000 	C:\WINDOWS\system32\USER32.dll
0x00007ff81c190000 - 0x00007ff81c324000 	C:\WINDOWS\system32\ole32.dll
0x00007ff81ccb0000 - 0x00007ff81e1db000 	C:\WINDOWS\system32\SHELL32.dll
0x00007ff81ae30000 - 0x00007ff81ae51000 	C:\WINDOWS\SYSTEM32\USERENV.dll
0x00007ff81e4e0000 - 0x00007ff81e58a000 	C:\WINDOWS\system32\ADVAPI32.dll
0x00007ff80fd90000 - 0x00007ff80fdae000 	C:\WINDOWS\SYSTEM32\MPR.dll
0x00007ff81c4e0000 - 0x00007ff81c620000 	C:\WINDOWS\system32\RPCRT4.dll
0x00007ff81e6d0000 - 0x00007ff81e729000 	C:\WINDOWS\SYSTEM32\sechost.dll
0x00007ff81e2c0000 - 0x00007ff81e4d1000 	C:\WINDOWS\SYSTEM32\combase.dll
0x00007ff81c950000 - 0x00007ff81caa0000 	C:\WINDOWS\system32\GDI32.dll
0x00007ff81b860000 - 0x00007ff81b875000 	C:\WINDOWS\SYSTEM32\profapi.dll
0x00007ff819e00000 - 0x00007ff819eb2000 	C:\WINDOWS\SYSTEM32\SHCORE.dll
0x00007ff81c150000 - 0x00007ff81c186000 	C:\WINDOWS\system32\IMM32.DLL
0x00007ff81cb50000 - 0x00007ff81cca2000 	C:\WINDOWS\system32\MSCTF.dll
0x00007ff8187c0000 - 0x00007ff818a3b000 	C:\WINDOWS\WinSxS\amd64_microsoft.windows.common-controls_6595b64144ccf1df_6.0.9600.18006_none_623f33d3ecbe86e8\COMCTL32.dll
0x0000000050bb0000 - 0x0000000050c82000 	C:\Program Files\Java\jre1.8.0_40\bin\msvcr100.dll
0x0000000077770000 - 0x0000000077ff3000 	C:\Program Files\Java\jre1.8.0_40\bin\server\jvm.dll
0x00007ff80c540000 - 0x00007ff80c549000 	C:\WINDOWS\SYSTEM32\WSOCK32.dll
0x00007ff817970000 - 0x00007ff817992000 	C:\WINDOWS\SYSTEM32\WINMM.dll
0x00007ff811160000 - 0x00007ff81116a000 	C:\WINDOWS\SYSTEM32\VERSION.dll
0x00007ff81e650000 - 0x00007ff81e657000 	C:\WINDOWS\system32\PSAPI.DLL
0x00007ff81bfc0000 - 0x00007ff81c01a000 	C:\WINDOWS\system32\WS2_32.dll
0x00007ff817850000 - 0x00007ff81787a000 	C:\WINDOWS\SYSTEM32\WINMMBASE.dll
0x00007ff81e2b0000 - 0x00007ff81e2b9000 	C:\WINDOWS\system32\NSI.dll
0x00007ff81ba80000 - 0x00007ff81bacf000 	C:\WINDOWS\SYSTEM32\cfgmgr32.dll
0x00007ff81a680000 - 0x00007ff81a6a8000 	C:\WINDOWS\SYSTEM32\DEVOBJ.dll
0x0000000050d50000 - 0x0000000050d5f000 	C:\Program Files\Java\jre1.8.0_40\bin\verify.dll
0x0000000050d20000 - 0x0000000050d49000 	C:\Program Files\Java\jre1.8.0_40\bin\java.dll
0x0000000050b70000 - 0x0000000050ba5000 	C:\Program Files\Java\jre1.8.0_40\bin\jdwp.dll
0x0000000050b60000 - 0x0000000050b68000 	C:\Program Files\Java\jre1.8.0_40\bin\npt.dll
0x0000000050d00000 - 0x0000000050d16000 	C:\Program Files\Java\jre1.8.0_40\bin\zip.dll
0x0000000050b50000 - 0x0000000050b59000 	C:\Program Files\Java\jre1.8.0_40\bin\dt_socket.dll
0x00007ff804280000 - 0x00007ff804295000 	C:\WINDOWS\system32\napinsp.dll
0x00007ff8042a0000 - 0x00007ff8042ba000 	C:\WINDOWS\system32\pnrpnsp.dll
0x00007ff816d90000 - 0x00007ff816dab000 	C:\WINDOWS\system32\NLAapi.dll
0x00007ff81b0a0000 - 0x00007ff81b0f9000 	C:\WINDOWS\System32\mswsock.dll
0x00007ff81aea0000 - 0x00007ff81af44000 	C:\WINDOWS\SYSTEM32\DNSAPI.dll
0x00007ff8042c0000 - 0x00007ff8042cd000 	C:\WINDOWS\System32\winrnr.dll
0x00007ff8040e0000 - 0x00007ff8040f4000 	C:\WINDOWS\system32\wshbth.dll
0x00007ff815f90000 - 0x00007ff815ffb000 	C:\WINDOWS\System32\fwpuclnt.dll
0x00007ff80c410000 - 0x00007ff80c41a000 	C:\Windows\System32\rasadhlp.dll
0x00000000509b0000 - 0x0000000050b48000 	C:\Program Files\Java\jre1.8.0_40\bin\awt.dll
0x00007ff81c020000 - 0x00007ff81c0e1000 	C:\WINDOWS\system32\OLEAUT32.dll
0x00007ff819a50000 - 0x00007ff819a71000 	C:\WINDOWS\system32\DWMAPI.DLL
0x00007ff81a500000 - 0x00007ff81a629000 	C:\WINDOWS\system32\uxtheme.dll
0x00007ff81a6d0000 - 0x00007ff81a6db000 	C:\WINDOWS\SYSTEM32\kernel.appcore.dll
0x00007ff81b6d0000 - 0x00007ff81b6db000 	C:\WINDOWS\SYSTEM32\CRYPTBASE.dll
0x00007ff81b660000 - 0x00007ff81b6c3000 	C:\WINDOWS\SYSTEM32\bcryptPrimitives.dll
0x00007ff809500000 - 0x00007ff809689000 	C:\WINDOWS\SYSTEM32\dbghelp.dll

VM Arguments:
jvm_args: -agentlib:jdwp=transport=dt_socket,suspend=y,address=localhost:53874 -Dfile.encoding=Cp1252 
java_command: com.badmitrii.App
java_class_path (initial): D:\minesweeper\target\classes;C:\Users\Dmitrii\.m2\repository\org\apache\commons\commons-lang3\3.4\commons-lang3-3.4.jar;C:\Users\Dmitrii\.m2\repository\commons-validator\commons-validator\1.5.0\commons-validator-1.5.0.jar;C:\Users\Dmitrii\.m2\repository\commons-beanutils\commons-beanutils\1.9.2\commons-beanutils-1.9.2.jar;C:\Users\Dmitrii\.m2\repository\commons-digester\commons-digester\1.8.1\commons-digester-1.8.1.jar;C:\Users\Dmitrii\.m2\repository\commons-logging\commons-logging\1.2\commons-logging-1.2.jar;C:\Users\Dmitrii\.m2\repository\commons-collections\commons-collections\3.2.2\commons-collections-3.2.2.jar;C:\Users\Dmitrii\.m2\repository\com\google\inject\guice\4.0\guice-4.0.jar;C:\Users\Dmitrii\.m2\repository\javax\inject\javax.inject\1\javax.inject-1.jar;C:\Users\Dmitrii\.m2\repository\aopalliance\aopalliance\1.0\aopalliance-1.0.jar;C:\Users\Dmitrii\.m2\repository\com\google\guava\guava\16.0.1\guava-16.0.1.jar;C:\Users\Dmitrii\.m2\repository\com\google\inject\extensions\guice-assistedinject\4.0\guice-assistedinject-4.0.jar;C:\Users\Dmitrii\.m2\repository\javax\annotation\jsr250-api\1.0\jsr250-api-1.0.jar;C:\Users\Dmitrii\.m2\repository\org\slf4j\slf4j-simple\1.7.21\slf4j-simple-1.7.21.jar;C:\Users\Dmitrii\.m2\repository\org\slf4j\slf4j-api\1.7.21\slf4j-api-1.7.21.jar;C:\Users\Dmitrii\.m2\repository\com\netflix\governator\governator\1.12.13\governator-1.12.13.jar;C:\Users\Dmitrii\.m2\repository\com\netflix\governator\governator-api\1.12.13\governator-api-1.12.13.jar;C:\Users\Dmitrii\.m2\repository\com\netflix\governator\governator-core\1.12.13\governator-core-1.12.13.jar;C:\Users\Dmitrii\.m2\repository\com\google\inject\extensions\guice-multibindings\4.0\guice-multibindings-4.0.jar;C:\Users\Dmitrii\.m2\repository\com\google\inject\extensions\guice-grapher\4.0\guice-grapher-4.0.jar;C:\Users\Dmitrii\.m2\repository\org\hibernate\hibernate-validator\4.1.0.Final\hibernate-validator-4.1.0.Final.jar;C:\Users\Dmitrii\.m2\repository\ja
Launcher Type: SUN_STANDARD

Environment Variables:
JAVA_HOME=C:\Program Files\Java\jdk1.8.0_25
PATH=C:/Program Files/Java/jre1.8.0_40/bin/server;C:/Program Files/Java/jre1.8.0_40/bin;C:/Program Files/Java/jre1.8.0_40/lib/amd64;C:\ProgramData\Oracle\Java\javapath;C:\Program Files (x86)\Intel\iCLS Client\;C:\Program Files\Intel\iCLS Client\;C:\Windows\system32;C:\Windows;C:\Windows\System32\Wbem;C:\Windows\System32\WindowsPowerShell\v1.0\;C:\Program Files (x86)\Windows Live\Shared;C:\Program Files\Intel\Intel(R) Management Engine Components\DAL;C:\Program Files\Intel\Intel(R) Management Engine Components\IPT;C:\Program Files (x86)\Intel\Intel(R) Management Engine Components\DAL;C:\Program Files (x86)\Intel\Intel(R) Management Engine Components\IPT;C:\Program Files (x86)\Intel\OpenCL SDK\2.0\bin\x86;C:\Program Files (x86)\Intel\OpenCL SDK\2.0\bin\x64;C:\Program Files\Java\jdk1.8.0_25\bin;C:\Program Files (x86)\Git\cmd;D:\gradle-2.2.1\bin;D:\apache-maven-3.2.5\bin;C:\Program Files (x86)\LLVM\bin;C:\Program Files (x86)\Windows Kits\8.0\Windows Performance Toolkit\;C:\Program Files\MiKTeX 2.9\miktex\bin\x64\;C:\Program Files (x86)\scala\bin;C:\Program Files (x86)\Skype\Phone\;%SystemRoot%\system32;%SystemRoot%;%SystemRoot%\System32\Wbem;%SYSTEMROOT%\System32\WindowsPowerShell\v1.0\;C:\Ruby193\bin;D:\eclipse;
USERNAME=Dmitrii
OS=Windows_NT
PROCESSOR_IDENTIFIER=Intel64 Family 6 Model 58 Stepping 9, GenuineIntel



---------------  S Y S T E M  ---------------

OS: Windows 8.1 , 64 bit Build 9600 (6.3.9600.17415)

CPU:total 4 (2 cores per cpu, 2 threads per core) family 6 model 58 stepping 9, cmov, cx8, fxsr, mmx, sse, sse2, sse3, ssse3, sse4.1, sse4.2, popcnt, avx, clmul, erms, ht, tsc, tscinvbit, tscinv

Memory: 4k page, physical 4077244k(1738224k free), swap 8271548k(5080156k free)

vm_info: Java HotSpot(TM) 64-Bit Server VM (25.40-b25) for windows-amd64 JRE (1.8.0_40-b26), built on Mar  7 2015 13:51:59 by "java_re" with MS VC++ 10.0 (VS2010)

time: Mon May 23 08:29:22 2016
elapsed time: 120 seconds (0d 0h 2m 0s)

